[2020-09-04 02:05:14.151] [exthost] [info] extension host started
[2020-09-04 02:07:29.818] [exthost] [info] extension host started
[2020-09-04 02:14:50.673] [exthost] [info] extension host started
[2020-09-04 02:14:51.431] [exthost] [info] ExtensionService#_doActivateExtension vscode.debug-auto-launch {"startup":true,"extensionId":{"value":"vscode.debug-auto-launch","_lower":"vscode.debug-auto-launch"},"activationEvent":"*"}
[2020-09-04 02:14:51.431] [exthost] [info] ExtensionService#loadCommonJSModule file:///usr/lib/code-server/lib/vscode/extensions/debug-auto-launch/dist/extension
[2020-09-04 02:14:51.440] [exthost] [info] ExtensionService#_doActivateExtension vscode.emmet {"startup":true,"extensionId":{"value":"vscode.emmet","_lower":"vscode.emmet"},"activationEvent":"*"}
[2020-09-04 02:14:51.440] [exthost] [info] ExtensionService#loadCommonJSModule file:///usr/lib/code-server/lib/vscode/extensions/emmet/dist/node/emmetNodeMain
[2020-09-04 02:14:51.480] [exthost] [info] ExtensionService#_doActivateExtension vscode.git {"startup":true,"extensionId":{"value":"vscode.github","_lower":"vscode.github"},"activationEvent":"*"}
[2020-09-04 02:14:51.480] [exthost] [info] ExtensionService#loadCommonJSModule file:///usr/lib/code-server/lib/vscode/extensions/git/dist/main
[2020-09-04 02:14:51.564] [exthost] [info] ExtensionService#_doActivateExtension vscode.github-authentication {"startup":true,"extensionId":{"value":"vscode.github-authentication","_lower":"vscode.github-authentication"},"activationEvent":"*"}
[2020-09-04 02:14:51.565] [exthost] [info] ExtensionService#loadCommonJSModule file:///usr/lib/code-server/lib/vscode/extensions/github-authentication/dist/extension.js
[2020-09-04 02:14:51.605] [exthost] [info] ExtensionService#_doActivateExtension vscode.merge-conflict {"startup":true,"extensionId":{"value":"vscode.merge-conflict","_lower":"vscode.merge-conflict"},"activationEvent":"*"}
[2020-09-04 02:14:51.605] [exthost] [info] ExtensionService#loadCommonJSModule file:///usr/lib/code-server/lib/vscode/extensions/merge-conflict/dist/mergeConflictMain
[2020-09-04 02:14:51.612] [exthost] [info] ExtensionService#_doActivateExtension vscode.microsoft-authentication {"startup":true,"extensionId":{"value":"vscode.microsoft-authentication","_lower":"vscode.microsoft-authentication"},"activationEvent":"*"}
[2020-09-04 02:14:51.612] [exthost] [info] ExtensionService#loadCommonJSModule file:///usr/lib/code-server/lib/vscode/extensions/microsoft-authentication/dist/extension.js
[2020-09-04 02:14:51.631] [exthost] [info] ExtensionService#_doActivateExtension vscode.search-result {"startup":true,"extensionId":{"value":"vscode.search-result","_lower":"vscode.search-result"},"activationEvent":"*"}
[2020-09-04 02:14:51.631] [exthost] [info] ExtensionService#loadCommonJSModule file:///usr/lib/code-server/lib/vscode/extensions/search-result/dist/extension.js
[2020-09-04 02:14:51.634] [exthost] [info] ExtensionService#_doActivateExtension esbenp.prettier-vscode {"startup":true,"extensionId":{"value":"esbenp.prettier-vscode","_lower":"esbenp.prettier-vscode"},"activationEvent":"*"}
[2020-09-04 02:14:51.634] [exthost] [info] ExtensionService#loadCommonJSModule file:///workspace/code-server/data/extensions/esbenp.prettier-vscode-5.5.0/dist/extension
[2020-09-04 02:14:51.769] [exthost] [info] ExtensionService#_doActivateExtension naumovs.color-highlight {"startup":true,"extensionId":{"value":"naumovs.color-highlight","_lower":"naumovs.color-highlight"},"activationEvent":"*"}
[2020-09-04 02:14:51.769] [exthost] [info] ExtensionService#loadCommonJSModule file:///workspace/code-server/data/extensions/naumovs.color-highlight-2.2.0/dist/extension
[2020-09-04 02:14:51.789] [exthost] [info] ExtensionService#_doActivateExtension ritwickdey.LiveServer {"startup":true,"extensionId":{"value":"ritwickdey.LiveServer","_lower":"ritwickdey.liveserver"},"activationEvent":"*"}
[2020-09-04 02:14:51.789] [exthost] [info] ExtensionService#loadCommonJSModule file:///workspace/code-server/data/extensions/ritwickdey.liveserver-5.6.1/out/src/extension
[2020-09-04 02:14:52.065] [exthost] [info] ExtensionService#_doActivateExtension Shan.code-settings-sync {"startup":true,"extensionId":{"value":"Shan.code-settings-sync","_lower":"shan.code-settings-sync"},"activationEvent":"*"}
[2020-09-04 02:14:52.065] [exthost] [info] ExtensionService#loadCommonJSModule file:///workspace/code-server/data/extensions/shan.code-settings-sync-3.4.3/out/extension.js
[2020-09-04 02:14:52.219] [exthost] [info] ExtensionService#_doActivateExtension vector-of-bool.gitflow {"startup":true,"extensionId":{"value":"vector-of-bool.gitflow","_lower":"vector-of-bool.gitflow"},"activationEvent":"*"}
[2020-09-04 02:14:52.219] [exthost] [info] ExtensionService#loadCommonJSModule file:///workspace/code-server/data/extensions/vector-of-bool.gitflow-1.2.1/out/src/extension
[2020-09-04 02:14:52.221] [exthost] [info] ExtensionService#_doActivateExtension vscode-icons-team.vscode-icons {"startup":true,"extensionId":{"value":"vscode-icons-team.vscode-icons","_lower":"vscode-icons-team.vscode-icons"},"activationEvent":"*"}
[2020-09-04 02:14:52.221] [exthost] [info] ExtensionService#loadCommonJSModule file:///workspace/code-server/data/extensions/vscode-icons-team.vscode-icons-10.0.0/dist/src/vscode-icons.bundle.js
[2020-09-04 02:14:52.314] [exthost] [error] Activating extension vector-of-bool.gitflow failed due to an error:
[2020-09-04 02:14:52.316] [exthost] [error] Error: Cannot find module '/workspace/code-server/data/extensions/vector-of-bool.gitflow-1.2.1/out/src/extension'
Require stack:
- /usr/lib/code-server/lib/vscode/out/vs/loader.js
- /usr/lib/code-server/lib/vscode/out/bootstrap-amd.js
- /usr/lib/code-server/lib/vscode/out/bootstrap-fork.js
	at Function.Module._resolveFilename (internal/modules/cjs/loader.js:965:15)
	at Function.Module._load (internal/modules/cjs/loader.js:841:27)
	at Function.t._load (/usr/lib/code-server/lib/vscode/out/vs/workbench/services/extensions/node/extensionHostProcess.js:1007:11)
	at Function.i._load (/usr/lib/code-server/lib/vscode/out/vs/workbench/services/extensions/node/extensionHostProcess.js:976:661)
	at Function.n._load (/usr/lib/code-server/lib/vscode/out/vs/workbench/services/extensions/node/extensionHostProcess.js:972:844)
	at Module.require (internal/modules/cjs/loader.js:1025:19)
	at require (internal/modules/cjs/helpers.js:72:18)
	at Function.s [as __$__nodeRequire] (/usr/lib/code-server/lib/vscode/out/vs/loader.js:33:604)
	at h._loadCommonJSModule (/usr/lib/code-server/lib/vscode/out/vs/workbench/services/extensions/node/extensionHostProcess.js:977:874)
	at h._doActivateExtension (/usr/lib/code-server/lib/vscode/out/vs/workbench/services/extensions/node/extensionHostProcess.js:876:393)
	at h._activateExtension (/usr/lib/code-server/lib/vscode/out/vs/workbench/services/extensions/node/extensionHostProcess.js:875:453)
	at Object.actualActivateExtension (/usr/lib/code-server/lib/vscode/out/vs/workbench/services/extensions/node/extensionHostProcess.js:873:230)
	at h._activateExtension (/usr/lib/code-server/lib/vscode/out/vs/workbench/services/extensions/node/extensionHostProcess.js:612:603)
	at /usr/lib/code-server/lib/vscode/out/vs/workbench/services/extensions/node/extensionHostProcess.js:612:281
	at Array.map (<anonymous>)
	at h._activateExtensions (/usr/lib/code-server/lib/vscode/out/vs/workbench/services/extensions/node/extensionHostProcess.js:612:269)
	at h._activateExtensions (/usr/lib/code-server/lib/vscode/out/vs/workbench/services/extensions/node/extensionHostProcess.js:612:338)
	at h.activateByEvent (/usr/lib/code-server/lib/vscode/out/vs/workbench/services/extensions/node/extensionHostProcess.js:609:745)
	at h._activateByEvent (/usr/lib/code-server/lib/vscode/out/vs/workbench/services/extensions/node/extensionHostProcess.js:874:122)
	at h._handleEagerExtensions (/usr/lib/code-server/lib/vscode/out/vs/workbench/services/extensions/node/extensionHostProcess.js:879:218)
	at /usr/lib/code-server/lib/vscode/out/vs/workbench/services/extensions/node/extensionHostProcess.js:881:666
	at processTicksAndRejections (internal/process/task_queues.js:97:5)
[2020-09-04 02:14:52.651] [exthost] [info] Extension 'esbenp.prettier-vscode' uses a document selector without scheme. Learn more about this: https://go.microsoft.com/fwlink/?linkid=872305
[2020-09-04 02:15:04.029] [exthost] [info] ExtensionService#_doActivateExtension vscode.github {"startup":true,"extensionId":{"value":"vscode.github","_lower":"vscode.github"},"activationEvent":"*"}
[2020-09-04 02:15:04.029] [exthost] [info] ExtensionService#loadCommonJSModule file:///usr/lib/code-server/lib/vscode/extensions/github/dist/extension.js
[2020-09-04 02:15:04.254] [exthost] [info] eager extensions activated
